d:\school - gdp\semester 2\graphics 2\graphics project - physics\projectendgame\x64\release\vc142.pdb
d:\school - gdp\semester 2\graphics 2\graphics project - physics\projectendgame\x64\release\ctestobject.obj
d:\school - gdp\semester 2\graphics 2\graphics project - physics\projectendgame\x64\release\csphereobject.obj
d:\school - gdp\semester 2\graphics 2\graphics project - physics\projectendgame\x64\release\cshooter.obj
d:\school - gdp\semester 2\graphics 2\graphics project - physics\projectendgame\x64\release\cshadermanager.obj
d:\school - gdp\semester 2\graphics 2\graphics project - physics\projectendgame\x64\release\cshader.obj
d:\school - gdp\semester 2\graphics 2\graphics project - physics\projectendgame\x64\release\cphysics_ericson.obj
d:\school - gdp\semester 2\graphics 2\graphics project - physics\projectendgame\x64\release\cphysics.obj
d:\school - gdp\semester 2\graphics 2\graphics project - physics\projectendgame\x64\release\cobjectfactory.obj
d:\school - gdp\semester 2\graphics 2\graphics project - physics\projectendgame\x64\release\cmodelloader.obj
d:\school - gdp\semester 2\graphics 2\graphics project - physics\projectendgame\x64\release\cmeshobject.obj
d:\school - gdp\semester 2\graphics 2\graphics project - physics\projectendgame\x64\release\clightimp.obj
d:\school - gdp\semester 2\graphics 2\graphics project - physics\projectendgame\x64\release\clight.obj
d:\school - gdp\semester 2\graphics 2\graphics project - physics\projectendgame\x64\release\cgameobject.obj
d:\school - gdp\semester 2\graphics 2\graphics project - physics\projectendgame\x64\release\cflycamera.obj
d:\school - gdp\semester 2\graphics 2\graphics project - physics\projectendgame\x64\release\cfbo.obj
d:\school - gdp\semester 2\graphics 2\graphics project - physics\projectendgame\x64\release\cbigshooter.obj
d:\school - gdp\semester 2\graphics 2\graphics project - physics\projectendgame\x64\release\cbasictexturemanager.obj
d:\school - gdp\semester 2\graphics 2\graphics project - physics\projectendgame\x64\release\c24bitbmppixel.obj
d:\school - gdp\semester 2\graphics 2\graphics project - physics\projectendgame\x64\release\assimploader.obj
d:\school - gdp\semester 2\graphics 2\graphics project - physics\projectendgame\x64\release\aabbstuff.obj
d:\school - gdp\semester 2\graphics 2\graphics project - physics\projectendgame\x64\release\themain.obj
d:\school - gdp\semester 2\graphics 2\graphics project - physics\projectendgame\x64\release\snvpair.obj
d:\school - gdp\semester 2\graphics 2\graphics project - physics\projectendgame\x64\release\physicsstuff.obj
d:\school - gdp\semester 2\graphics 2\graphics project - physics\projectendgame\x64\release\lowpassfilter.obj
d:\school - gdp\semester 2\graphics 2\graphics project - physics\projectendgame\x64\release\clighthelper.obj
d:\school - gdp\semester 2\graphics 2\graphics project - physics\projectendgame\x64\release\copenglerror.obj
d:\school - gdp\semester 2\graphics 2\graphics project - physics\projectendgame\x64\release\cglrenderstatehelper.obj
d:\school - gdp\semester 2\graphics 2\graphics project - physics\projectendgame\x64\release\cerrorlog.obj
d:\school - gdp\semester 2\graphics 2\graphics project - physics\projectendgame\x64\release\cdebugrenderer_builtinshapes.obj
d:\school - gdp\semester 2\graphics 2\graphics project - physics\projectendgame\x64\release\cdebugrenderer.obj
d:\school - gdp\semester 2\graphics 2\graphics project - physics\projectendgame\x64\release\cmediator.obj
d:\school - gdp\semester 2\graphics 2\graphics project - physics\projectendgame\x64\release\cvaomanager.obj
d:\school - gdp\semester 2\graphics 2\graphics project - physics\projectendgame\x64\release\ctexturefrombmp.obj
d:\school - gdp\semester 2\graphics 2\graphics project - physics\projectendgame\x64\release\glad.obj
d:\school - gdp\semester 2\graphics 2\graphics project - physics\x64\release\projectendgame.exe
d:\school - gdp\semester 2\graphics 2\graphics project - physics\x64\release\projectendgame.pdb
d:\school - gdp\semester 2\graphics 2\graphics project - physics\x64\release\projectendgame.ipdb
d:\school - gdp\semester 2\graphics 2\graphics project - physics\x64\release\projectendgame.iobj
d:\school - gdp\semester 2\graphics 2\graphics project - physics\projectendgame\x64\release\projectendgame.tlog\cl.command.1.tlog
d:\school - gdp\semester 2\graphics 2\graphics project - physics\projectendgame\x64\release\projectendgame.tlog\cl.read.1.tlog
d:\school - gdp\semester 2\graphics 2\graphics project - physics\projectendgame\x64\release\projectendgame.tlog\cl.write.1.tlog
d:\school - gdp\semester 2\graphics 2\graphics project - physics\projectendgame\x64\release\projectendgame.tlog\link.command.1.tlog
d:\school - gdp\semester 2\graphics 2\graphics project - physics\projectendgame\x64\release\projectendgame.tlog\link.read.1.tlog
d:\school - gdp\semester 2\graphics 2\graphics project - physics\projectendgame\x64\release\projectendgame.tlog\link.write.1.tlog
d:\school - gdp\semester 2\graphics 2\graphics project - physics\projectendgame\x64\release\projectendgame.tlog\projectendgame.write.1u.tlog
