d:\school - gdp\semester 2\graphics 2\graphics project - physics\x64\release\bulletphysicswrapper.lib
d:\school - gdp\semester 2\graphics 2\graphics project - physics\x64\release\bulletphysicswrapper.exp
d:\school - gdp\semester 2\graphics 2\graphics project - physics\x64\release\bulletphysicswrapper.ipdb
d:\school - gdp\semester 2\graphics 2\graphics project - physics\x64\release\bulletphysicswrapper.iobj
d:\school - gdp\semester 2\graphics 2\graphics project - physics\bulletphysicswrapper\x64\release\vc142.pdb
d:\school - gdp\semester 2\graphics 2\graphics project - physics\bulletphysicswrapper\x64\release\btcompoundcompoundcollisionalgorithm.obj
d:\school - gdp\semester 2\graphics 2\graphics project - physics\bulletphysicswrapper\x64\release\btcompoundcollisionalgorithm.obj
d:\school - gdp\semester 2\graphics 2\graphics project - physics\bulletphysicswrapper\x64\release\btcollisionworldimporter.obj
d:\school - gdp\semester 2\graphics 2\graphics project - physics\bulletphysicswrapper\x64\release\btcollisionworld.obj
d:\school - gdp\semester 2\graphics 2\graphics project - physics\bulletphysicswrapper\x64\release\btcollisionobject.obj
d:\school - gdp\semester 2\graphics 2\graphics project - physics\bulletphysicswrapper\x64\release\btcollisiondispatchermt.obj
d:\school - gdp\semester 2\graphics 2\graphics project - physics\bulletphysicswrapper\x64\release\btcollisiondispatcher.obj
d:\school - gdp\semester 2\graphics 2\graphics project - physics\bulletphysicswrapper\x64\release\btboxboxdetector.obj
d:\school - gdp\semester 2\graphics 2\graphics project - physics\bulletphysicswrapper\x64\release\btboxboxcollisionalgorithm.obj
d:\school - gdp\semester 2\graphics 2\graphics project - physics\bulletphysicswrapper\x64\release\btbox2dbox2dcollisionalgorithm.obj
d:\school - gdp\semester 2\graphics 2\graphics project - physics\bulletphysicswrapper\x64\release\btactivatingcollisionalgorithm.obj
d:\school - gdp\semester 2\graphics 2\graphics project - physics\bulletphysicswrapper\x64\release\btsimplebroadphase.obj
d:\school - gdp\semester 2\graphics 2\graphics project - physics\bulletphysicswrapper\x64\release\btquantizedbvh.obj
d:\school - gdp\semester 2\graphics 2\graphics project - physics\bulletphysicswrapper\x64\release\btoverlappingpaircache.obj
d:\school - gdp\semester 2\graphics 2\graphics project - physics\bulletphysicswrapper\x64\release\btdispatcher.obj
d:\school - gdp\semester 2\graphics 2\graphics project - physics\bulletphysicswrapper\x64\release\btdbvtbroadphase.obj
d:\school - gdp\semester 2\graphics 2\graphics project - physics\bulletphysicswrapper\x64\release\btdbvt.obj
d:\school - gdp\semester 2\graphics 2\graphics project - physics\bulletphysicswrapper\x64\release\btcollisionalgorithm.obj
d:\school - gdp\semester 2\graphics 2\graphics project - physics\bulletphysicswrapper\x64\release\btbroadphaseproxy.obj
d:\school - gdp\semester 2\graphics 2\graphics project - physics\bulletphysicswrapper\x64\release\btaxissweep3.obj
d:\school - gdp\semester 2\graphics 2\graphics project - physics\bulletphysicswrapper\x64\release\btcapsuleshape.obj
d:\school - gdp\semester 2\graphics 2\graphics project - physics\bulletphysicswrapper\x64\release\btbvhtrianglemeshshape.obj
d:\school - gdp\semester 2\graphics 2\graphics project - physics\bulletphysicswrapper\x64\release\btboxshape.obj
d:\school - gdp\semester 2\graphics 2\graphics project - physics\bulletphysicswrapper\x64\release\btbox2dshape.obj
d:\school - gdp\semester 2\graphics 2\graphics project - physics\bulletphysicswrapper\x64\release\spheretriangledetector.obj
d:\school - gdp\semester 2\graphics 2\graphics project - physics\bulletphysicswrapper\x64\release\btunionfind.obj
d:\school - gdp\semester 2\graphics 2\graphics project - physics\bulletphysicswrapper\x64\release\btspheretrianglecollisionalgorithm.obj
d:\school - gdp\semester 2\graphics 2\graphics project - physics\bulletphysicswrapper\x64\release\btspherespherecollisionalgorithm.obj
d:\school - gdp\semester 2\graphics 2\graphics project - physics\bulletphysicswrapper\x64\release\btsphereboxcollisionalgorithm.obj
d:\school - gdp\semester 2\graphics 2\graphics project - physics\bulletphysicswrapper\x64\release\btsimulationislandmanager.obj
d:\school - gdp\semester 2\graphics 2\graphics project - physics\bulletphysicswrapper\x64\release\btmanifoldresult.obj
d:\school - gdp\semester 2\graphics 2\graphics project - physics\bulletphysicswrapper\x64\release\btinternaledgeutility.obj
d:\school - gdp\semester 2\graphics 2\graphics project - physics\bulletphysicswrapper\x64\release\bthashedsimplepaircache.obj
d:\school - gdp\semester 2\graphics 2\graphics project - physics\bulletphysicswrapper\x64\release\btghostobject.obj
d:\school - gdp\semester 2\graphics 2\graphics project - physics\bulletphysicswrapper\x64\release\btemptycollisionalgorithm.obj
d:\school - gdp\semester 2\graphics 2\graphics project - physics\bulletphysicswrapper\x64\release\btdefaultcollisionconfiguration.obj
d:\school - gdp\semester 2\graphics 2\graphics project - physics\bulletphysicswrapper\x64\release\btconvexplanecollisionalgorithm.obj
d:\school - gdp\semester 2\graphics 2\graphics project - physics\bulletphysicswrapper\x64\release\btconvexconvexalgorithm.obj
d:\school - gdp\semester 2\graphics 2\graphics project - physics\bulletphysicswrapper\x64\release\btconvexconcavecollisionalgorithm.obj
d:\school - gdp\semester 2\graphics 2\graphics project - physics\bulletphysicswrapper\x64\release\btconvex2dconvex2dalgorithm.obj
d:\school - gdp\semester 2\graphics 2\graphics project - physics\bulletphysicswrapper\x64\release\btpolyhedralconvexshape.obj
d:\school - gdp\semester 2\graphics 2\graphics project - physics\bulletphysicswrapper\x64\release\btoptimizedbvh.obj
d:\school - gdp\semester 2\graphics 2\graphics project - physics\bulletphysicswrapper\x64\release\btmultisphereshape.obj
d:\school - gdp\semester 2\graphics 2\graphics project - physics\bulletphysicswrapper\x64\release\btmultimaterialtrianglemeshshape.obj
d:\school - gdp\semester 2\graphics 2\graphics project - physics\bulletphysicswrapper\x64\release\btminkowskisumshape.obj
d:\school - gdp\semester 2\graphics 2\graphics project - physics\bulletphysicswrapper\x64\release\btminisdf.obj
d:\school - gdp\semester 2\graphics 2\graphics project - physics\bulletphysicswrapper\x64\release\btheightfieldterrainshape.obj
d:\school - gdp\semester 2\graphics 2\graphics project - physics\bulletphysicswrapper\x64\release\btemptyshape.obj
d:\school - gdp\semester 2\graphics 2\graphics project - physics\bulletphysicswrapper\x64\release\btcylindershape.obj
d:\school - gdp\semester 2\graphics 2\graphics project - physics\bulletphysicswrapper\x64\release\btconvextrianglemeshshape.obj
d:\school - gdp\semester 2\graphics 2\graphics project - physics\bulletphysicswrapper\x64\release\btconvexshape.obj
d:\school - gdp\semester 2\graphics 2\graphics project - physics\bulletphysicswrapper\x64\release\btconvexpolyhedron.obj
d:\school - gdp\semester 2\graphics 2\graphics project - physics\bulletphysicswrapper\x64\release\btconvexpointcloudshape.obj
d:\school - gdp\semester 2\graphics 2\graphics project - physics\bulletphysicswrapper\x64\release\btconvexinternalshape.obj
d:\school - gdp\semester 2\graphics 2\graphics project - physics\bulletphysicswrapper\x64\release\btconvexhullshape.obj
d:\school - gdp\semester 2\graphics 2\graphics project - physics\bulletphysicswrapper\x64\release\btconvex2dshape.obj
d:\school - gdp\semester 2\graphics 2\graphics project - physics\bulletphysicswrapper\x64\release\btconeshape.obj
d:\school - gdp\semester 2\graphics 2\graphics project - physics\bulletphysicswrapper\x64\release\btconcaveshape.obj
d:\school - gdp\semester 2\graphics 2\graphics project - physics\bulletphysicswrapper\x64\release\btcompoundshape.obj
d:\school - gdp\semester 2\graphics 2\graphics project - physics\bulletphysicswrapper\x64\release\btcollisionshape.obj
d:\school - gdp\semester 2\graphics 2\graphics project - physics\bulletphysicswrapper\x64\release\btgimpactshape.obj
d:\school - gdp\semester 2\graphics 2\graphics project - physics\bulletphysicswrapper\x64\release\btgimpactquantizedbvh.obj
d:\school - gdp\semester 2\graphics 2\graphics project - physics\bulletphysicswrapper\x64\release\btgimpactcollisionalgorithm.obj
d:\school - gdp\semester 2\graphics 2\graphics project - physics\bulletphysicswrapper\x64\release\btgimpactbvh.obj
d:\school - gdp\semester 2\graphics 2\graphics project - physics\bulletphysicswrapper\x64\release\btgenericpoolallocator.obj
d:\school - gdp\semester 2\graphics 2\graphics project - physics\bulletphysicswrapper\x64\release\btcontactprocessing.obj
d:\school - gdp\semester 2\graphics 2\graphics project - physics\bulletphysicswrapper\x64\release\btuniformscalingshape.obj
d:\school - gdp\semester 2\graphics 2\graphics project - physics\bulletphysicswrapper\x64\release\bttrianglemeshshape.obj
d:\school - gdp\semester 2\graphics 2\graphics project - physics\bulletphysicswrapper\x64\release\bttrianglemesh.obj
d:\school - gdp\semester 2\graphics 2\graphics project - physics\bulletphysicswrapper\x64\release\bttriangleindexvertexmaterialarray.obj
d:\school - gdp\semester 2\graphics 2\graphics project - physics\bulletphysicswrapper\x64\release\bttriangleindexvertexarray.obj
d:\school - gdp\semester 2\graphics 2\graphics project - physics\bulletphysicswrapper\x64\release\bttrianglecallback.obj
d:\school - gdp\semester 2\graphics 2\graphics project - physics\bulletphysicswrapper\x64\release\bttrianglebuffer.obj
d:\school - gdp\semester 2\graphics 2\graphics project - physics\bulletphysicswrapper\x64\release\bttetrahedronshape.obj
d:\school - gdp\semester 2\graphics 2\graphics project - physics\bulletphysicswrapper\x64\release\btstridingmeshinterface.obj
d:\school - gdp\semester 2\graphics 2\graphics project - physics\bulletphysicswrapper\x64\release\btstaticplaneshape.obj
d:\school - gdp\semester 2\graphics 2\graphics project - physics\bulletphysicswrapper\x64\release\btsphereshape.obj
d:\school - gdp\semester 2\graphics 2\graphics project - physics\bulletphysicswrapper\x64\release\btshapehull.obj
d:\school - gdp\semester 2\graphics 2\graphics project - physics\bulletphysicswrapper\x64\release\btsdfcollisionshape.obj
d:\school - gdp\semester 2\graphics 2\graphics project - physics\bulletphysicswrapper\x64\release\btscaledbvhtrianglemeshshape.obj
d:\school - gdp\semester 2\graphics 2\graphics project - physics\bulletphysicswrapper\x64\release\btconetwistconstraint.obj
d:\school - gdp\semester 2\graphics 2\graphics project - physics\bulletphysicswrapper\x64\release\btbatchedconstraints.obj
d:\school - gdp\semester 2\graphics 2\graphics project - physics\bulletphysicswrapper\x64\release\btkinematiccharactercontroller.obj
d:\school - gdp\semester 2\graphics 2\graphics project - physics\bulletphysicswrapper\x64\release\btvoronoisimplexsolver.obj
d:\school - gdp\semester 2\graphics 2\graphics project - physics\bulletphysicswrapper\x64\release\btsubsimplexconvexcast.obj
d:\school - gdp\semester 2\graphics 2\graphics project - physics\bulletphysicswrapper\x64\release\btraycastcallback.obj
d:\school - gdp\semester 2\graphics 2\graphics project - physics\bulletphysicswrapper\x64\release\btpolyhedralcontactclipping.obj
d:\school - gdp\semester 2\graphics 2\graphics project - physics\bulletphysicswrapper\x64\release\btpersistentmanifold.obj
d:\school - gdp\semester 2\graphics 2\graphics project - physics\bulletphysicswrapper\x64\release\btminkowskipenetrationdepthsolver.obj
d:\school - gdp\semester 2\graphics 2\graphics project - physics\bulletphysicswrapper\x64\release\btgjkpairdetector.obj
d:\school - gdp\semester 2\graphics 2\graphics project - physics\bulletphysicswrapper\x64\release\btgjkepapenetrationdepthsolver.obj
d:\school - gdp\semester 2\graphics 2\graphics project - physics\bulletphysicswrapper\x64\release\btgjkepa2.obj
d:\school - gdp\semester 2\graphics 2\graphics project - physics\bulletphysicswrapper\x64\release\btgjkconvexcast.obj
d:\school - gdp\semester 2\graphics 2\graphics project - physics\bulletphysicswrapper\x64\release\btconvexcast.obj
d:\school - gdp\semester 2\graphics 2\graphics project - physics\bulletphysicswrapper\x64\release\btcontinuousconvexcollision.obj
d:\school - gdp\semester 2\graphics 2\graphics project - physics\bulletphysicswrapper\x64\release\gim_tri_collision.obj
d:\school - gdp\semester 2\graphics 2\graphics project - physics\bulletphysicswrapper\x64\release\gim_memory.obj
d:\school - gdp\semester 2\graphics 2\graphics project - physics\bulletphysicswrapper\x64\release\gim_contact.obj
d:\school - gdp\semester 2\graphics 2\graphics project - physics\bulletphysicswrapper\x64\release\gim_box_set.obj
d:\school - gdp\semester 2\graphics 2\graphics project - physics\bulletphysicswrapper\x64\release\bttriangleshapeex.obj
d:\school - gdp\semester 2\graphics 2\graphics project - physics\bulletphysicswrapper\x64\release\btsimpledynamicsworld.obj
d:\school - gdp\semester 2\graphics 2\graphics project - physics\bulletphysicswrapper\x64\release\btrigidbody.obj
d:\school - gdp\semester 2\graphics 2\graphics project - physics\bulletphysicswrapper\x64\release\btdiscretedynamicsworldmt.obj
d:\school - gdp\semester 2\graphics 2\graphics project - physics\bulletphysicswrapper\x64\release\btdiscretedynamicsworld.obj
d:\school - gdp\semester 2\graphics 2\graphics project - physics\bulletphysicswrapper\x64\release\btuniversalconstraint.obj
d:\school - gdp\semester 2\graphics 2\graphics project - physics\bulletphysicswrapper\x64\release\bttypedconstraint.obj
d:\school - gdp\semester 2\graphics 2\graphics project - physics\bulletphysicswrapper\x64\release\btsolve2linearconstraint.obj
d:\school - gdp\semester 2\graphics 2\graphics project - physics\bulletphysicswrapper\x64\release\btsliderconstraint.obj
d:\school - gdp\semester 2\graphics 2\graphics project - physics\bulletphysicswrapper\x64\release\btsequentialimpulseconstraintsolvermt.obj
d:\school - gdp\semester 2\graphics 2\graphics project - physics\bulletphysicswrapper\x64\release\btsequentialimpulseconstraintsolver.obj
d:\school - gdp\semester 2\graphics 2\graphics project - physics\bulletphysicswrapper\x64\release\btpoint2pointconstraint.obj
d:\school - gdp\semester 2\graphics 2\graphics project - physics\bulletphysicswrapper\x64\release\btnncgconstraintsolver.obj
d:\school - gdp\semester 2\graphics 2\graphics project - physics\bulletphysicswrapper\x64\release\bthingeconstraint.obj
d:\school - gdp\semester 2\graphics 2\graphics project - physics\bulletphysicswrapper\x64\release\bthinge2constraint.obj
d:\school - gdp\semester 2\graphics 2\graphics project - physics\bulletphysicswrapper\x64\release\btgeneric6dofspringconstraint.obj
d:\school - gdp\semester 2\graphics 2\graphics project - physics\bulletphysicswrapper\x64\release\btgeneric6dofspring2constraint.obj
d:\school - gdp\semester 2\graphics 2\graphics project - physics\bulletphysicswrapper\x64\release\btgeneric6dofconstraint.obj
d:\school - gdp\semester 2\graphics 2\graphics project - physics\bulletphysicswrapper\x64\release\btgearconstraint.obj
d:\school - gdp\semester 2\graphics 2\graphics project - physics\bulletphysicswrapper\x64\release\btfixedconstraint.obj
d:\school - gdp\semester 2\graphics 2\graphics project - physics\bulletphysicswrapper\x64\release\btcontactconstraint.obj
d:\school - gdp\semester 2\graphics 2\graphics project - physics\bulletphysicswrapper\x64\release\ccollisionlistener.obj
d:\school - gdp\semester 2\graphics 2\graphics project - physics\bulletphysicswrapper\x64\release\cballcomponent.obj
d:\school - gdp\semester 2\graphics 2\graphics project - physics\bulletphysicswrapper\x64\release\btwheelinfo.obj
d:\school - gdp\semester 2\graphics 2\graphics project - physics\bulletphysicswrapper\x64\release\btraycastvehicle.obj
d:\school - gdp\semester 2\graphics 2\graphics project - physics\bulletphysicswrapper\x64\release\btmlcpsolver.obj
d:\school - gdp\semester 2\graphics 2\graphics project - physics\bulletphysicswrapper\x64\release\btlemkealgorithm.obj
d:\school - gdp\semester 2\graphics 2\graphics project - physics\bulletphysicswrapper\x64\release\btdantziglcp.obj
d:\school - gdp\semester 2\graphics 2\graphics project - physics\bulletphysicswrapper\x64\release\btmultibodysphericaljointmotor.obj
d:\school - gdp\semester 2\graphics 2\graphics project - physics\bulletphysicswrapper\x64\release\btmultibodysliderconstraint.obj
d:\school - gdp\semester 2\graphics 2\graphics project - physics\bulletphysicswrapper\x64\release\btmultibodypoint2point.obj
d:\school - gdp\semester 2\graphics 2\graphics project - physics\bulletphysicswrapper\x64\release\btmultibodymlcpconstraintsolver.obj
d:\school - gdp\semester 2\graphics 2\graphics project - physics\bulletphysicswrapper\x64\release\btmultibodyjointmotor.obj
d:\school - gdp\semester 2\graphics 2\graphics project - physics\bulletphysicswrapper\x64\release\btmultibodyjointlimitconstraint.obj
d:\school - gdp\semester 2\graphics 2\graphics project - physics\bulletphysicswrapper\x64\release\btmultibodygearconstraint.obj
d:\school - gdp\semester 2\graphics 2\graphics project - physics\bulletphysicswrapper\x64\release\btmultibodyfixedconstraint.obj
d:\school - gdp\semester 2\graphics 2\graphics project - physics\bulletphysicswrapper\x64\release\btmultibodydynamicsworld.obj
d:\school - gdp\semester 2\graphics 2\graphics project - physics\bulletphysicswrapper\x64\release\btmultibodyconstraintsolver.obj
d:\school - gdp\semester 2\graphics 2\graphics project - physics\bulletphysicswrapper\x64\release\btmultibodyconstraint.obj
d:\school - gdp\semester 2\graphics 2\graphics project - physics\bulletphysicswrapper\x64\release\btmultibody.obj
d:\school - gdp\semester 2\graphics 2\graphics project - physics\bulletphysicswrapper\x64\release\btsimulationislandmanagermt.obj
d:\school - gdp\semester 2\graphics 2\graphics project - physics\bulletphysicswrapper\x64\release\btthreadsupportwin32.obj
d:\school - gdp\semester 2\graphics 2\graphics project - physics\bulletphysicswrapper\x64\release\btthreadsupportposix.obj
d:\school - gdp\semester 2\graphics 2\graphics project - physics\bulletphysicswrapper\x64\release\bttaskscheduler.obj
d:\school - gdp\semester 2\graphics 2\graphics project - physics\bulletphysicswrapper\x64\release\btvector3.obj
d:\school - gdp\semester 2\graphics 2\graphics project - physics\bulletphysicswrapper\x64\release\btthreads.obj
d:\school - gdp\semester 2\graphics 2\graphics project - physics\bulletphysicswrapper\x64\release\btserializer64.obj
d:\school - gdp\semester 2\graphics 2\graphics project - physics\bulletphysicswrapper\x64\release\btserializer.obj
d:\school - gdp\semester 2\graphics 2\graphics project - physics\bulletphysicswrapper\x64\release\btquickprof.obj
d:\school - gdp\semester 2\graphics 2\graphics project - physics\bulletphysicswrapper\x64\release\btpolardecomposition.obj
d:\school - gdp\semester 2\graphics 2\graphics project - physics\bulletphysicswrapper\x64\release\btgeometryutil.obj
d:\school - gdp\semester 2\graphics 2\graphics project - physics\bulletphysicswrapper\x64\release\btconvexhullcomputer.obj
d:\school - gdp\semester 2\graphics 2\graphics project - physics\bulletphysicswrapper\x64\release\btconvexhull.obj
d:\school - gdp\semester 2\graphics 2\graphics project - physics\bulletphysicswrapper\x64\release\btalignedallocator.obj
d:\school - gdp\semester 2\graphics 2\graphics project - physics\bulletphysicswrapper\x64\release\createfactory.obj
d:\school - gdp\semester 2\graphics 2\graphics project - physics\bulletphysicswrapper\x64\release\cplanecomponent.obj
d:\school - gdp\semester 2\graphics 2\graphics project - physics\bulletphysicswrapper\x64\release\cphysicsworld.obj
d:\school - gdp\semester 2\graphics 2\graphics project - physics\bulletphysicswrapper\x64\release\cphysicsfactory.obj
d:\school - gdp\semester 2\graphics 2\graphics project - physics\bulletphysicswrapper\x64\release\cphysicscomponent.obj
d:\school - gdp\semester 2\graphics 2\graphics project - physics\bulletphysicswrapper\x64\release\cdebugrenderer.obj
d:\school - gdp\semester 2\graphics 2\graphics project - physics\x64\release\bulletphysicswrapper.dll
d:\school - gdp\semester 2\graphics 2\graphics project - physics\x64\release\bulletphysicswrapper.pdb
d:\school - gdp\semester 2\graphics 2\graphics project - physics\bulletphysicswrapper\x64\release\bulletph.4bd120e5.tlog\bulletphysicswrapper.write.1u.tlog
d:\school - gdp\semester 2\graphics 2\graphics project - physics\bulletphysicswrapper\x64\release\bulletph.4bd120e5.tlog\cl.command.1.tlog
d:\school - gdp\semester 2\graphics 2\graphics project - physics\bulletphysicswrapper\x64\release\bulletph.4bd120e5.tlog\cl.read.1.tlog
d:\school - gdp\semester 2\graphics 2\graphics project - physics\bulletphysicswrapper\x64\release\bulletph.4bd120e5.tlog\cl.write.1.tlog
d:\school - gdp\semester 2\graphics 2\graphics project - physics\bulletphysicswrapper\x64\release\bulletph.4bd120e5.tlog\link.command.1.tlog
d:\school - gdp\semester 2\graphics 2\graphics project - physics\bulletphysicswrapper\x64\release\bulletph.4bd120e5.tlog\link.read.1.tlog
d:\school - gdp\semester 2\graphics 2\graphics project - physics\bulletphysicswrapper\x64\release\bulletph.4bd120e5.tlog\link.write.1.tlog
