  theMain.cpp
C:\Program Files (x86)\Windows Kits\10\Include\10.0.17763.0\shared\minwindef.h(130,1): warning C4005: 'APIENTRY': macro redefinition
D:\School - GDP\Semester 2\!Main Project\Graphics Project - Physics\ProjectEndGame\include\glad\glad.h(32): message : see previous definition of 'APIENTRY'
D:\School - GDP\Semester 2\!Main Project\Graphics Project - Physics\ProjectEndGame\theMain.cpp(695,36): warning C4244: '+=': conversion from 'double' to 'T', possible loss of data
D:\School - GDP\Semester 2\!Main Project\Graphics Project - Physics\ProjectEndGame\theMain.cpp(695,36): warning C4244:         with
D:\School - GDP\Semester 2\!Main Project\Graphics Project - Physics\ProjectEndGame\theMain.cpp(695,36): warning C4244:         [
D:\School - GDP\Semester 2\!Main Project\Graphics Project - Physics\ProjectEndGame\theMain.cpp(695,36): warning C4244:             T=float
D:\School - GDP\Semester 2\!Main Project\Graphics Project - Physics\ProjectEndGame\theMain.cpp(695,36): warning C4244:         ]
D:\School - GDP\Semester 2\!Main Project\Graphics Project - Physics\ProjectEndGame\theMain.cpp(696,38): warning C4244: '+=': conversion from 'double' to 'T', possible loss of data
D:\School - GDP\Semester 2\!Main Project\Graphics Project - Physics\ProjectEndGame\theMain.cpp(696,38): warning C4244:         with
D:\School - GDP\Semester 2\!Main Project\Graphics Project - Physics\ProjectEndGame\theMain.cpp(696,38): warning C4244:         [
D:\School - GDP\Semester 2\!Main Project\Graphics Project - Physics\ProjectEndGame\theMain.cpp(696,38): warning C4244:             T=float
D:\School - GDP\Semester 2\!Main Project\Graphics Project - Physics\ProjectEndGame\theMain.cpp(696,38): warning C4244:         ]
D:\School - GDP\Semester 2\!Main Project\Graphics Project - Physics\ProjectEndGame\theMain.cpp(849,24): warning C4244: 'argument': conversion from 'double' to 'float', possible loss of data
glfw3.lib(context.obj) : warning LNK4099: PDB 'glfw.pdb' was not found with 'glfw3.lib(context.obj)' or at 'D:\School - GDP\Semester 2\!Main Project\Graphics Project - Physics\x64\Debug\glfw.pdb'; linking object as if no debug info
glfw3.lib(init.obj) : warning LNK4099: PDB 'glfw.pdb' was not found with 'glfw3.lib(init.obj)' or at 'D:\School - GDP\Semester 2\!Main Project\Graphics Project - Physics\x64\Debug\glfw.pdb'; linking object as if no debug info
glfw3.lib(input.obj) : warning LNK4099: PDB 'glfw.pdb' was not found with 'glfw3.lib(input.obj)' or at 'D:\School - GDP\Semester 2\!Main Project\Graphics Project - Physics\x64\Debug\glfw.pdb'; linking object as if no debug info
glfw3.lib(monitor.obj) : warning LNK4099: PDB 'glfw.pdb' was not found with 'glfw3.lib(monitor.obj)' or at 'D:\School - GDP\Semester 2\!Main Project\Graphics Project - Physics\x64\Debug\glfw.pdb'; linking object as if no debug info
glfw3.lib(vulkan.obj) : warning LNK4099: PDB 'glfw.pdb' was not found with 'glfw3.lib(vulkan.obj)' or at 'D:\School - GDP\Semester 2\!Main Project\Graphics Project - Physics\x64\Debug\glfw.pdb'; linking object as if no debug info
glfw3.lib(window.obj) : warning LNK4099: PDB 'glfw.pdb' was not found with 'glfw3.lib(window.obj)' or at 'D:\School - GDP\Semester 2\!Main Project\Graphics Project - Physics\x64\Debug\glfw.pdb'; linking object as if no debug info
glfw3.lib(win32_init.obj) : warning LNK4099: PDB 'glfw.pdb' was not found with 'glfw3.lib(win32_init.obj)' or at 'D:\School - GDP\Semester 2\!Main Project\Graphics Project - Physics\x64\Debug\glfw.pdb'; linking object as if no debug info
glfw3.lib(win32_joystick.obj) : warning LNK4099: PDB 'glfw.pdb' was not found with 'glfw3.lib(win32_joystick.obj)' or at 'D:\School - GDP\Semester 2\!Main Project\Graphics Project - Physics\x64\Debug\glfw.pdb'; linking object as if no debug info
glfw3.lib(win32_monitor.obj) : warning LNK4099: PDB 'glfw.pdb' was not found with 'glfw3.lib(win32_monitor.obj)' or at 'D:\School - GDP\Semester 2\!Main Project\Graphics Project - Physics\x64\Debug\glfw.pdb'; linking object as if no debug info
glfw3.lib(win32_time.obj) : warning LNK4099: PDB 'glfw.pdb' was not found with 'glfw3.lib(win32_time.obj)' or at 'D:\School - GDP\Semester 2\!Main Project\Graphics Project - Physics\x64\Debug\glfw.pdb'; linking object as if no debug info
glfw3.lib(win32_thread.obj) : warning LNK4099: PDB 'glfw.pdb' was not found with 'glfw3.lib(win32_thread.obj)' or at 'D:\School - GDP\Semester 2\!Main Project\Graphics Project - Physics\x64\Debug\glfw.pdb'; linking object as if no debug info
glfw3.lib(win32_window.obj) : warning LNK4099: PDB 'glfw.pdb' was not found with 'glfw3.lib(win32_window.obj)' or at 'D:\School - GDP\Semester 2\!Main Project\Graphics Project - Physics\x64\Debug\glfw.pdb'; linking object as if no debug info
glfw3.lib(wgl_context.obj) : warning LNK4099: PDB 'glfw.pdb' was not found with 'glfw3.lib(wgl_context.obj)' or at 'D:\School - GDP\Semester 2\!Main Project\Graphics Project - Physics\x64\Debug\glfw.pdb'; linking object as if no debug info
glfw3.lib(egl_context.obj) : warning LNK4099: PDB 'glfw.pdb' was not found with 'glfw3.lib(egl_context.obj)' or at 'D:\School - GDP\Semester 2\!Main Project\Graphics Project - Physics\x64\Debug\glfw.pdb'; linking object as if no debug info
glfw3.lib(osmesa_context.obj) : warning LNK4099: PDB 'glfw.pdb' was not found with 'glfw3.lib(osmesa_context.obj)' or at 'D:\School - GDP\Semester 2\!Main Project\Graphics Project - Physics\x64\Debug\glfw.pdb'; linking object as if no debug info
  ProjectEndGame.vcxproj -> D:\School - GDP\Semester 2\!Main Project\Graphics Project - Physics\x64\Debug\ProjectEndGame.exe
